Arguments: 
  /home/leo/.nvm/versions/node/v12.18.4/bin/node /home/leo/.nvm/versions/node/v12.18.4/lib/node_modules/yarn/bin/yarn.js install

PATH: 
  /usr/local/sbin:/usr/local/bin:/usr/sbin:/usr/bin:/sbin:/bin:/usr/games:/usr/local/games:/snap/bin

Yarn version: 
  1.22.5

Node version: 
  12.18.4

Platform: 
  linux x64

Trace: 
  Error: connect ENETUNREACH 2606:4700::6810:1323:443 - Local (:::0)
      at internalConnect (net.js:923:16)
      at defaultTriggerAsyncIdScope (internal/async_hooks.js:351:12)
      at emitLookup (net.js:1063:9)
      at /home/leo/.nvm/versions/node/v12.18.4/lib/node_modules/yarn/lib/cli.js:107150:29
      at /home/leo/.nvm/versions/node/v12.18.4/lib/node_modules/yarn/lib/cli.js:106996:25
      at RawTask.module.exports.RawTask.call (/home/leo/.nvm/versions/node/v12.18.4/lib/node_modules/yarn/lib/cli.js:83614:19)
      at flush (/home/leo/.nvm/versions/node/v12.18.4/lib/node_modules/yarn/lib/cli.js:83696:29)
      at processTicksAndRejections (internal/process/task_queues.js:79:11)

npm manifest: 
  {
    "name": "server",
    "homepage": "https://developer-students-clubs.github.io/dsc-website",
    "version": "0.0.0",
    "private": true,
    "scripts": {
      "heroku-postbuild": "npm install",
      "start": "node ./bin/www",
      "client": "cd client && npm start",
      "server": "nodemon",
      "dev": "concurrently \"npm run server\" \"npm run client\""
    },
    "dependencies": {
      "cookie-parser": "~1.4.4",
      "cors": "^2.8.5",
      "debug": "~2.6.9",
      "express": "~4.16.1",
      "mongoose": "^5.10.6",
      "morgan": "~1.9.1",
      "normalize-url": "^5.1.0"
    },
    "devDependencies": {
      "concurrently": "^5.3.0",
      "nodemon": "^2.0.4"
    }
  }

yarn manifest: 
  No manifest

Lockfile: 
  No lockfile
